0
```cpp
#include <bits/stdc++.h>
using namespace std;
using ll = long long; 
#define ull unsigned long long 
const int mod = 1000000;
/*
thequickbrownfoxjumpsoverthelazydog
⡆⣐⢕⢕⢕⢕⢕⢕⢕⢕⠅⢗⢕⢕⢕⢕⢕⢕⢕⠕⠕⢕⢕⢕⢕⢕⢕⢕⢕⢕
⢐⢕⢕⢕⢕⢕⣕⢕⢕⠕⠁⢕⢕⢕⢕⢕⢕⢕⢕⠅⡄⢕⢕⢕⢕⢕⢕⢕⢕⢕
⢕⢕⢕⢕⢕⠅⢗⢕⠕⣠⠄⣗⢕⢕⠕⢕⢕⢕⠕⢠⣿⠐⢕⢕⢕⠑⢕⢕⠵⢕
⢕⢕⢕⢕⠁⢜⠕⢁⣴⣿⡇⢓⢕⢵⢐⢕⢕⠕⢁⣾⢿⣧⠑⢕⢕⠄⢑⢕⠅⢕
⢕⢕⠵⢁⠔⢁⣤⣤⣶⣶⣶⡐⣕⢽⠐⢕⠕⣡⣾⣶⣶⣶⣤⡁⢓⢕⠄⢑⢅⢑
⠍⣧⠄⣶⣾⣿⣿⣿⣿⣿⣿⣷⣔⢕⢄⢡⣾⣿⣿⣿⣿⣿⣿⣿⣦⡑⢕⢤⠱⢐
⢠⢕⠅⣾⣿⠋⢿⣿⣿⣿⠉⣿⣿⣷⣦⣶⣽⣿⣿⠈⣿⣿⣿⣿⠏⢹⣷⣷⡅⢐
⣔⢕⢥⢻⣿⡀⠈⠛⠛⠁⢠⣿⣿⣿⣿⣿⣿⣿⣿⡀⠈⠛⠛⠁⠄⣼⣿⣿⡇⢔
⢕⢕⢽⢸⢟⢟⢖⢖⢤⣶⡟⢻⣿⡿⠻⣿⣿⡟⢀⣿⣦⢤⢤⢔⢞⢿⢿⣿⠁⢕
⢕⢕⠅⣐⢕⢕⢕⢕⢕⣿⣿⡄⠛⢀⣦⠈⠛⢁⣼⣿⢗⢕⢕⢕⢕⢕⢕⡏⣘⢕
⢕⢕⠅⢓⣕⣕⣕⣕⣵⣿⣿⣿⣾⣿⣿⣿⣿⣿⣿⣿⣷⣕⢕⢕⢕⢕⡵⢀⢕⢕
⢑⢕⠃⡈⢿⣿⣿⣿⣿⣿⣿⣿⣿⣿⣿⣿⣿⣿⣿⣿⣿⣿⣿⣿⣿⣿⢃⢕⢕⢕
⣆⢕⠄⢱⣄⠛⢿⣿⣿⣿⣿⣿⣿⣿⣿⣿⣿⣿⣿⣿⣿⣿⣿⣿⠿⢁⢕⢕⠕⢁
⣿⣦⡀⣿⣿⣷⣶⣬⣍⣛⣛⣛⡛⠿⠿⠿⠛⠛⢛⣛⣉⣭⣤⣂⢜⠕⢑⣡⣴⣿
*/
int main() {
    ios_base::sync_with_stdio(false);
    cin.tie(NULL);
    int n; cin>>n; 
    int m; cin>>m; 
    int a[n]; 
    for (int i = 0; i < n; i++) 
    {
      cin>>a[i]; 
    }    
    int ans = 0;
    int sum = 0; 
    for(int l = 0 , r = 0; l < n; l++) 
    {
      sum = sum + a[l]; 
      while(sum > m)
      {
        sum = sum - a[r]; 
        r++; 
      }
      ans = max(ans , l - r + 1); 
    }
    cout<<ans;
    return 0;
}
```
